<!DOCTYPE html PUBLIC "-//W3C//DTD XHTML 1.1//EN" "https://www.w3.org/TR/xhtml11/DTD/xhtml11.dtd">
<html xmlns="https://www.w3.org/1999/xhtml">
<head>
<meta http-equiv="content-type" content="text/html; charset=UTF-8"/>
<title>TestNG Report</title>
<style type="text/css">table {margin-bottom:10px;border-collapse:collapse;empty-cells:show}th,td {border:1px solid #009;padding:.25em .5em}th {vertical-align:bottom}td {vertical-align:top}table a {font-weight:bold}.stripe td {background-color: #E6EBF9}.num {text-align:right}.passedodd td {background-color: #3F3}.passedeven td {background-color: #0A0}.skippedodd td {background-color: #DDD}.skippedeven td {background-color: #CCC}.failedodd td,.attn {background-color: #F33}.failedeven td,.stripe .attn {background-color: #D00}.stacktrace {white-space:pre;font-family:monospace}.totop {font-size:85%;text-align:center;border-bottom:2px solid #000}.invisible {display:none}</style>
</head>
<body>
<table>
<tr><th>Test</th><th># Passed</th><th># Skipped</th><th># Retried</th><th># Failed</th><th>Time (ms)</th><th>Included Groups</th><th>Excluded Groups</th></tr>
<tr><th colspan="8">nopCommerce regression test suite</th></tr>
<tr><td><a href="#t0">search page test</a></td><td class="num">3</td><td class="num">0</td><td class="num">0</td><td class="num">0</td><td class="num">27,313</td><td></td><td></td></tr>
<tr class="stripe"><td><a href="#t1">home page test</a></td><td class="num">3</td><td class="num">0</td><td class="num">0</td><td class="num attn">1</td><td class="num">30,725</td><td></td><td></td></tr>
<tr><td><a href="#t2">register page test</a></td><td class="num">2</td><td class="num">0</td><td class="num">0</td><td class="num">0</td><td class="num">40,938</td><td></td><td></td></tr>
<tr class="stripe"><td><a href="#t3">login page test</a></td><td class="num">2</td><td class="num">0</td><td class="num">0</td><td class="num attn">1</td><td class="num">52,125</td><td></td><td></td></tr>
<tr><th>Total</th><th class="num">10</th><th class="num">0</th><th class="num">0</th><th class="num attn">2</th><th class="num">151,101</th><th colspan="2"></th></tr>
</table>
<table id='summary'><thead><tr><th>Class</th><th>Method</th><th>Start</th><th>Time (ms)</th></tr></thead><tbody><tr><th colspan="4">nopCommerce regression test suite</th></tr></tbody><tbody id="t0"><tr><th colspan="4">search page test &#8212; passed</th></tr><tr class="passedeven"><td rowspan="3">com.nopcommerce.tests.SearchPageTest</td><td><a href="#m0">validateCategoryListTest</a></td><td rowspan="1">1645157272381</td><td rowspan="1">356</td></tr><tr class="passedeven"><td><a href="#m1">verifyManufactureDropdownListTest</a></td><td rowspan="1">1645157267582</td><td rowspan="1">356</td></tr><tr class="passedeven"><td><a href="#m2">verifySearchPageNameTest</a></td><td rowspan="1">1645157261189</td><td rowspan="1">50</td></tr></tbody>
<tbody id="t1"><tr><th colspan="4">home page test &#8212; failed</th></tr><tr class="failedeven"><td rowspan="1">com.nopcommerce.tests.HomePageTest</td><td><a href="#m3">validatePageTitleTest</a></td><td rowspan="1">1645157260270</td><td rowspan="1">160</td></tr><tr><th colspan="4">home page test &#8212; passed</th></tr><tr class="passedeven"><td rowspan="3">com.nopcommerce.tests.HomePageTest</td><td><a href="#m4">verifyLoginLinkTest</a></td><td rowspan="1">1645157276379</td><td rowspan="1">150</td></tr><tr class="passedeven"><td><a href="#m5">verifyLogoTest</a></td><td rowspan="1">1645157266111</td><td rowspan="1">95</td></tr><tr class="passedeven"><td><a href="#m6">verifyRegisterLinkTest</a></td><td rowspan="1">1645157271635</td><td rowspan="1">120</td></tr></tbody>
<tbody id="t2"><tr><th colspan="4">register page test &#8212; passed</th></tr><tr class="passedeven"><td rowspan="2">com.nopcommerce.tests.RegisterPageTest</td><td><a href="#m7">registerNewUserTest</a></td><td rowspan="2">1645157262766</td><td rowspan="2">9227</td></tr><tr class="passedeven"><td><a href="#m8">registerNewUserTest</a></td></tr></tbody>
<tbody id="t3"><tr><th colspan="4">login page test &#8212; failed</th></tr><tr class="failedeven"><td rowspan="1">com.nopcommerce.tests.LoginPageTest</td><td><a href="#m9">validateUserLoginTest</a></td><td rowspan="1">1645157277130</td><td rowspan="1">20664</td></tr><tr><th colspan="4">login page test &#8212; passed</th></tr><tr class="passedeven"><td rowspan="2">com.nopcommerce.tests.LoginPageTest</td><td><a href="#m10">verifyLoginPageNameTest</a></td><td rowspan="1">1645157261091</td><td rowspan="1">5041</td></tr><tr class="passedeven"><td><a href="#m11">verifyRegisterButtonStatusTest</a></td><td rowspan="1">1645157272994</td><td rowspan="1">55</td></tr></tbody>
</table>
<h2>search page test</h2><h3 id="m0">com.nopcommerce.tests.SearchPageTest#validateCategoryListTest</h3><table class="result"><tr><th class="invisible"/></tr></table><p class="totop"><a href="#summary">back to summary</a></p>
<h3 id="m1">com.nopcommerce.tests.SearchPageTest#verifyManufactureDropdownListTest</h3><table class="result"><tr><th class="invisible"/></tr></table><p class="totop"><a href="#summary">back to summary</a></p>
<h3 id="m2">com.nopcommerce.tests.SearchPageTest#verifySearchPageNameTest</h3><table class="result"><tr><th class="invisible"/></tr></table><p class="totop"><a href="#summary">back to summary</a></p>
<h2>home page test</h2><h3 id="m3">com.nopcommerce.tests.HomePageTest#validatePageTitleTest</h3><table class="result"><tr><th>Exception</th></tr><tr><td><div class="stacktrace">java.lang.AssertionError: expected [ demo store] but found [nopCommerce demo store]
	at com.nopcommerce.tests.HomePageTest.validatePageTitleTest(HomePageTest.java:11)
	at java.base/java.util.ArrayList.forEach(ArrayList.java:1541)
	at java.base/java.util.concurrent.FutureTask.run(FutureTask.java:264)
	at java.base/java.util.concurrent.ThreadPoolExecutor.runWorker(ThreadPoolExecutor.java:1128)
	at java.base/java.util.concurrent.ThreadPoolExecutor$Worker.run(ThreadPoolExecutor.java:628)
	at java.base/java.lang.Thread.run(Thread.java:834)
... Removed 24 stack frames</div></td></tr></table><p class="totop"><a href="#summary">back to summary</a></p>
<h3 id="m4">com.nopcommerce.tests.HomePageTest#verifyLoginLinkTest</h3><table class="result"><tr><th class="invisible"/></tr></table><p class="totop"><a href="#summary">back to summary</a></p>
<h3 id="m5">com.nopcommerce.tests.HomePageTest#verifyLogoTest</h3><table class="result"><tr><th class="invisible"/></tr></table><p class="totop"><a href="#summary">back to summary</a></p>
<h3 id="m6">com.nopcommerce.tests.HomePageTest#verifyRegisterLinkTest</h3><table class="result"><tr><th class="invisible"/></tr></table><p class="totop"><a href="#summary">back to summary</a></p>
<h2>register page test</h2><h3 id="m7">com.nopcommerce.tests.RegisterPageTest#registerNewUserTest</h3><table class="result"><tr class="param"><th>Parameter #1</th><th>Parameter #2</th><th>Parameter #3</th><th>Parameter #4</th><th>Parameter #5</th><th>Parameter #6</th><th>Parameter #7</th><th>Parameter #8</th><th>Parameter #9</th><th>Parameter #10</th></tr><tr class="param stripe"><td>Male</td><td>John</td><td>Lennon</td><td>15.0</td><td>July</td><td>1970.0</td><td>john.lennon715@gmail.com</td><td>Automation Testing</td><td>Password123</td><td>Password123</td></tr></table><p class="totop"><a href="#summary">back to summary</a></p>
<h3 id="m8">com.nopcommerce.tests.RegisterPageTest#registerNewUserTest</h3><table class="result"><tr class="param"><th>Parameter #1</th><th>Parameter #2</th><th>Parameter #3</th><th>Parameter #4</th><th>Parameter #5</th><th>Parameter #6</th><th>Parameter #7</th><th>Parameter #8</th><th>Parameter #9</th><th>Parameter #10</th></tr><tr class="param stripe"><td>Female</td><td>Vivien</td><td>Miller</td><td>28.0</td><td>March</td><td>1975.0</td><td>vivien.miller328@gmail.com</td><td>Automation Testing</td><td>Password1234</td><td>Password1234</td></tr></table><p class="totop"><a href="#summary">back to summary</a></p>
<h2>login page test</h2><h3 id="m9">com.nopcommerce.tests.LoginPageTest#validateUserLoginTest</h3><table class="result"><tr><th>Exception</th></tr><tr><td><div class="stacktrace">org.openqa.selenium.NoSuchElementException: no such element: Unable to locate element: {&quot;method&quot;:&quot;link text&quot;,&quot;selector&quot;:&quot;Log out&quot;}
  (Session info: chrome=98.0.4758.102)
For documentation on this error, please visit: https://www.seleniumhq.org/exceptions/no_such_element.html
Build info: version: &apos;3.141.59&apos;, revision: &apos;e82be7d358&apos;, time: &apos;2018-11-14T08:17:03&apos;
System info: host: &apos;DESKTOP-LS7N6V5&apos;, ip: &apos;192.168.0.160&apos;, os.name: &apos;Windows 10&apos;, os.arch: &apos;amd64&apos;, os.version: &apos;10.0&apos;, java.version: &apos;11.0.12&apos;
Driver info: org.openqa.selenium.chrome.ChromeDriver
Capabilities {acceptInsecureCerts: false, browserName: chrome, browserVersion: 98.0.4758.102, chrome: {chromedriverVersion: 98.0.4758.102 (273bf7ac8c90..., userDataDir: C:\Users\user\AppData\Local...}, goog:chromeOptions: {debuggerAddress: localhost:63311}, javascriptEnabled: true, networkConnectionEnabled: false, pageLoadStrategy: normal, platform: WINDOWS, platformName: WINDOWS, proxy: Proxy(), setWindowRect: true, strictFileInteractability: false, timeouts: {implicit: 0, pageLoad: 300000, script: 30000}, unhandledPromptBehavior: dismiss and notify, webauthn:extension:credBlob: true, webauthn:extension:largeBlob: true, webauthn:virtualAuthenticators: true}
Session ID: fba3887fecc89b655493f108f0d7edb3
*** Element info: {Using=link text, value=Log out}
	at org.openqa.selenium.remote.http.W3CHttpResponseCodec.createException(W3CHttpResponseCodec.java:187)
	at org.openqa.selenium.remote.http.W3CHttpResponseCodec.decode(W3CHttpResponseCodec.java:122)
	at org.openqa.selenium.remote.http.W3CHttpResponseCodec.decode(W3CHttpResponseCodec.java:49)
	at org.openqa.selenium.remote.HttpCommandExecutor.execute(HttpCommandExecutor.java:158)
	at org.openqa.selenium.remote.service.DriverCommandExecutor.execute(DriverCommandExecutor.java:83)
	at org.openqa.selenium.remote.RemoteWebDriver.execute(RemoteWebDriver.java:552)
	at org.openqa.selenium.remote.RemoteWebDriver.findElement(RemoteWebDriver.java:323)
	at org.openqa.selenium.remote.RemoteWebDriver.findElementByLinkText(RemoteWebDriver.java:380)
	at org.openqa.selenium.By$ByLinkText.findElement(By.java:220)
	at org.openqa.selenium.remote.RemoteWebDriver.findElement(RemoteWebDriver.java:315)
	at com.nopcommerce.pages.HomePage.verifyLogoutLink(HomePage.java:76)
	at com.nopcommerce.tests.LoginPageTest.validateUserLoginTest(LoginPageTest.java:32)
	at java.base/java.util.ArrayList.forEach(ArrayList.java:1541)
	at java.base/java.util.concurrent.FutureTask.run(FutureTask.java:264)
	at java.base/java.util.concurrent.ThreadPoolExecutor.runWorker(ThreadPoolExecutor.java:1128)
	at java.base/java.util.concurrent.ThreadPoolExecutor$Worker.run(ThreadPoolExecutor.java:628)
	at java.base/java.lang.Thread.run(Thread.java:834)
... Removed 22 stack frames</div></td></tr></table><p class="totop"><a href="#summary">back to summary</a></p>
<h3 id="m10">com.nopcommerce.tests.LoginPageTest#verifyLoginPageNameTest</h3><table class="result"><tr><th class="invisible"/></tr></table><p class="totop"><a href="#summary">back to summary</a></p>
<h3 id="m11">com.nopcommerce.tests.LoginPageTest#verifyRegisterButtonStatusTest</h3><table class="result"><tr><th class="invisible"/></tr></table><p class="totop"><a href="#summary">back to summary</a></p>
</body>
</html>
