<?xml version="1.0" encoding="UTF-8"?>
<!-- Generated by org.testng.reporters.JUnitXMLReporter -->
<testsuite ignored="0" hostname="DESKTOP-LS7N6V5" failures="1" tests="4" name="home page test" time="30.725" errors="0" timestamp="2022-02-17T22:07:57 CST">
  <testcase classname="com.nopcommerce.tests.HomePageTest" name="validatePageTitleTest" time="0.16">
    <failure type="java.lang.AssertionError" message="expected [ demo store] but found [nopCommerce demo store]">
      <![CDATA[java.lang.AssertionError: expected [ demo store] but found [nopCommerce demo store]
at com.nopcommerce.tests.HomePageTest.validatePageTitleTest(HomePageTest.java:11)
at java.base/java.util.ArrayList.forEach(ArrayList.java:1541)
at java.base/java.util.concurrent.FutureTask.run(FutureTask.java:264)
at java.base/java.util.concurrent.ThreadPoolExecutor.runWorker(ThreadPoolExecutor.java:1128)
at java.base/java.util.concurrent.ThreadPoolExecutor$Worker.run(ThreadPoolExecutor.java:628)
at java.base/java.lang.Thread.run(Thread.java:834)
... Removed 24 stack frames]]>
    </failure>
  </testcase> <!-- validatePageTitleTest -->
  <testcase classname="com.nopcommerce.tests.HomePageTest" name="verifyLogoTest" time="0.095"/>
  <testcase classname="com.nopcommerce.tests.HomePageTest" name="verifyRegisterLinkTest" time="0.12"/>
  <testcase classname="com.nopcommerce.tests.HomePageTest" name="verifyLoginLinkTest" time="0.15"/>
</testsuite> <!-- home page test -->
